[debug] [2023-11-27T18:20:43.149Z] ----------------------------------------------------------------------
[debug] [2023-11-27T18:20:43.159Z] Command:       C:\Program Files\nodejs\node.exe C:\Users\pc\AppData\Roaming\npm\node_modules\firebase-tools\lib\bin\firebase.js init functions
[debug] [2023-11-27T18:20:43.161Z] CLI Version:   11.30.0
[debug] [2023-11-27T18:20:43.162Z] Platform:      win32
[debug] [2023-11-27T18:20:43.162Z] Node Version:  v18.17.1
[debug] [2023-11-27T18:20:43.165Z] Time:          Mon Nov 27 2023 19:20:43 GMT+0100 (West Africa Standard Time)
[debug] [2023-11-27T18:20:43.166Z] ----------------------------------------------------------------------
[debug] 
[debug] [2023-11-27T18:20:43.206Z] >>> [apiv2][query] GET https://firebase-public.firebaseio.com/cli.json [none]
[debug] [2023-11-27T18:20:43.382Z] > command requires scopes: ["email","openid","https://www.googleapis.com/auth/cloudplatformprojects.readonly","https://www.googleapis.com/auth/firebase","https://www.googleapis.com/auth/cloud-platform"]
[debug] [2023-11-27T18:20:43.383Z] > authorizing via signed-in user (ajibcaleb@gmail.com)
[info] 
     ######## #### ########  ######## ########     ###     ######  ########
     ##        ##  ##     ## ##       ##     ##  ##   ##  ##       ##
     ######    ##  ########  ######   ########  #########  ######  ######
     ##        ##  ##    ##  ##       ##     ## ##     ##       ## ##
     ##       #### ##     ## ######## ########  ##     ##  ######  ########

You're about to initialize a Firebase project in this directory:

  C:\Users\pc\Desktop\developer_stuff\Nextjs\Chat-app\my-app

[debug] [2023-11-27T18:20:50.310Z] <<< [apiv2][status] GET https://firebase-public.firebaseio.com/cli.json 200
[debug] [2023-11-27T18:20:50.311Z] <<< [apiv2][body] GET https://firebase-public.firebaseio.com/cli.json {"cloudBuildErrorAfter":1594252800000,"cloudBuildWarnAfter":1590019200000,"defaultNode10After":1594252800000,"minVersion":"3.0.5","node8DeploysDisabledAfter":1613390400000,"node8RuntimeDisabledAfter":1615809600000,"node8WarnAfter":1600128000000}
[info] 
=== Project Setup
[info] 
[info] First, let's associate this project directory with a Firebase project.
[info] You can create multiple project aliases by running firebase use --add, 
[info] but for now we'll just set up a default project.
[info] 
